<?xml version="1.0" encoding="UTF-8"?>
<!-- Generated by org.testng.reporters.JUnitXMLReporter -->
<testsuite ignored="0" hostname="DESKTOP-72H778L" failures="1" tests="1" name="Test" time="0.139" errors="0" timestamp="19 Jun 2021 09:08:00 GMT">
  <testcase classname="Academy.HomePage" name="@BeforeTest initilize" time="0.023">
    <failure type="java.io.FileNotFoundException" message="C:\Users\Shreyas\Documents\eclipse_project\E2EProjecy\src\main\java\resources\data.properties (The system cannot find the path specified)">
      <![CDATA[java.io.FileNotFoundException: C:\Users\Shreyas\Documents\eclipse_project\E2EProjecy\src\main\java\resources\data.properties (The system cannot find the path specified)
at java.base/java.io.FileInputStream.open0(Native Method)
at java.base/java.io.FileInputStream.open(FileInputStream.java:211)
at java.base/java.io.FileInputStream.<init>(FileInputStream.java:153)
at java.base/java.io.FileInputStream.<init>(FileInputStream.java:108)
at resources.base.initializeDriver(base.java:22)
at Academy.HomePage.initilize(HomePage.java:19)
... Removed 24 stack frames]]>
    </failure>
  </testcase> <!-- @BeforeTest initilize -->
  <testcase classname="Academy.validateNavigationBar" name="@BeforeTest initilize" time="0.0">
    <skipped/>
  </testcase> <!-- @BeforeTest initilize -->
  <testcase classname="Academy.validateTitle" name="@BeforeTest initilize" time="0.0">
    <skipped/>
  </testcase> <!-- @BeforeTest initilize -->
  <testcase classname="Academy.HomePage" name="@AfterTest teardown" time="0.0">
    <skipped/>
  </testcase> <!-- @AfterTest teardown -->
  <testcase classname="Academy.validateNavigationBar" name="@AfterTest teardown" time="0.0">
    <skipped/>
  </testcase> <!-- @AfterTest teardown -->
  <testcase classname="Academy.validateTitle" name="@AfterTest teardown" time="0.0">
    <skipped/>
  </testcase> <!-- @AfterTest teardown -->
  <testcase classname="Academy.validateNavigationBar" name="basePageNavigation" time="0.0">
    <failure type="org.testng.TestNGException" message="
Cannot inject @Test annotated Method [basePageNavigation] with [class java.lang.String, class java.lang.String].
For more information on native dependency injection please refer to http://testng.org/doc/documentation-main.html#native-dependency-injection">
      <![CDATA[org.testng.TestNGException: 
Cannot inject @Test annotated Method [basePageNavigation] with [class java.lang.String, class java.lang.String].
For more information on native dependency injection please refer to http://testng.org/doc/documentation-main.html#native-dependency-injection
... Removed 24 stack frames]]>
    </failure>
  </testcase> <!-- basePageNavigation -->
</testsuite> <!-- Test -->
